Performing C SOURCE FILE Test CMAKE_HAVE_LIBC_PTHREAD failed with the following output:
Change Dir: /cs/usr/suchetzky/os/ex4/cmake-build-debug/CMakeFiles/CMakeTmp

Run Build Command(s):/usr/bin/gmake -f Makefile cmTC_9341c/fast && /usr/bin/gmake  -f CMakeFiles/cmTC_9341c.dir/build.make CMakeFiles/cmTC_9341c.dir/build
gmake[1]: Entering directory '/cs/usr/suchetzky/os/ex4/cmake-build-debug/CMakeFiles/CMakeTmp'
Building C object CMakeFiles/cmTC_9341c.dir/src.c.o
/usr/bin/cc -DCMAKE_HAVE_LIBC_PTHREAD   -o CMakeFiles/cmTC_9341c.dir/src.c.o -c /cs/usr/suchetzky/os/ex4/cmake-build-debug/CMakeFiles/CMakeTmp/src.c
Linking C executable cmTC_9341c
/usr/local/APP/jetbrains/clion/2022.1.3/bin/cmake/linux/bin/cmake -E cmake_link_script CMakeFiles/cmTC_9341c.dir/link.txt --verbose=1
/usr/bin/cc CMakeFiles/cmTC_9341c.dir/src.c.o -o cmTC_9341c 
/usr/bin/ld: CMakeFiles/cmTC_9341c.dir/src.c.o: in function `main':
src.c:(.text+0x2f): undefined reference to `pthread_create'
/usr/bin/ld: src.c:(.text+0x3b): undefined reference to `pthread_detach'
/usr/bin/ld: src.c:(.text+0x47): undefined reference to `pthread_cancel'
/usr/bin/ld: src.c:(.text+0x58): undefined reference to `pthread_join'
collect2: error: ld returned 1 exit status
gmake[1]: *** [CMakeFiles/cmTC_9341c.dir/build.make:99: cmTC_9341c] Error 1
gmake[1]: Leaving directory '/cs/usr/suchetzky/os/ex4/cmake-build-debug/CMakeFiles/CMakeTmp'
gmake: *** [Makefile:127: cmTC_9341c/fast] Error 2


Source file was:
#include <pthread.h>

static void* test_func(void* data)
{
  return data;
}

int main(void)
{
  pthread_t thread;
  pthread_create(&thread, NULL, test_func, NULL);
  pthread_detach(thread);
  pthread_cancel(thread);
  pthread_join(thread, NULL);
  pthread_atfork(NULL, NULL, NULL);
  pthread_exit(NULL);

  return 0;
}

Determining if the function pthread_create exists in the pthreads failed with the following output:
Change Dir: /cs/usr/suchetzky/os/ex4/cmake-build-debug/CMakeFiles/CMakeTmp

Run Build Command(s):/usr/bin/gmake -f Makefile cmTC_a43ed/fast && /usr/bin/gmake  -f CMakeFiles/cmTC_a43ed.dir/build.make CMakeFiles/cmTC_a43ed.dir/build
gmake[1]: Entering directory '/cs/usr/suchetzky/os/ex4/cmake-build-debug/CMakeFiles/CMakeTmp'
Building C object CMakeFiles/cmTC_a43ed.dir/CheckFunctionExists.c.o
/usr/bin/cc   -DCHECK_FUNCTION_EXISTS=pthread_create -o CMakeFiles/cmTC_a43ed.dir/CheckFunctionExists.c.o -c /usr/local/APP/jetbrains/clion/2022.1.3/bin/cmake/linux/share/cmake-3.22/Modules/CheckFunctionExists.c
Linking C executable cmTC_a43ed
/usr/local/APP/jetbrains/clion/2022.1.3/bin/cmake/linux/bin/cmake -E cmake_link_script CMakeFiles/cmTC_a43ed.dir/link.txt --verbose=1
/usr/bin/cc  -DCHECK_FUNCTION_EXISTS=pthread_create CMakeFiles/cmTC_a43ed.dir/CheckFunctionExists.c.o -o cmTC_a43ed  -lpthreads 
/usr/bin/ld: cannot find -lpthreads
collect2: error: ld returned 1 exit status
gmake[1]: *** [CMakeFiles/cmTC_a43ed.dir/build.make:99: cmTC_a43ed] Error 1
gmake[1]: Leaving directory '/cs/usr/suchetzky/os/ex4/cmake-build-debug/CMakeFiles/CMakeTmp'
gmake: *** [Makefile:127: cmTC_a43ed/fast] Error 2



